0 info it worked if it ends with ok
1 verbose cli [ '/usr/local/bin/node',
1 verbose cli   '/usr/local/bin/npm',
1 verbose cli   'install',
1 verbose cli   'angular-route@X.Y.Z' ]
2 info using npm@2.15.9
3 info using node@v4.5.0
4 verbose install initial load of /Users/Rad/Projects/Bitcoin-Dashboard/package.json
5 verbose installManyTop reading scoped package data from /Users/Rad/Projects/Bitcoin-Dashboard/node_modules/angular/package.json
6 verbose installManyTop reading scoped package data from /Users/Rad/Projects/Bitcoin-Dashboard/node_modules/fs/package.json
7 verbose installManyTop reading scoped package data from /Users/Rad/Projects/Bitcoin-Dashboard/node_modules/gulp/package.json
8 verbose installManyTop reading scoped package data from /Users/Rad/Projects/Bitcoin-Dashboard/node_modules/jasmine/package.json
9 verbose installManyTop reading scoped package data from /Users/Rad/Projects/Bitcoin-Dashboard/node_modules/jquery/package.json
10 verbose installManyTop reading scoped package data from /Users/Rad/Projects/Bitcoin-Dashboard/node_modules/jsdom/package.json
11 verbose installManyTop reading scoped package data from /Users/Rad/Projects/Bitcoin-Dashboard/node_modules/promise/package.json
12 verbose installManyTop reading scoped package data from /Users/Rad/Projects/Bitcoin-Dashboard/node_modules/webpack/package.json
13 info package.json fs@0.0.1-security fs is also the name of a node core module.
14 info package.json jsdom@3.1.2 license should be a valid SPDX license expression
15 verbose readDependencies loading dependencies from /Users/Rad/Projects/Bitcoin-Dashboard/package.json
16 silly cache add args [ 'angular-route@X.Y.Z', null ]
17 verbose cache add spec angular-route@X.Y.Z
18 silly cache add parsed spec Result {
18 silly cache add   raw: 'angular-route@X.Y.Z',
18 silly cache add   scope: null,
18 silly cache add   name: 'angular-route',
18 silly cache add   rawSpec: 'X.Y.Z',
18 silly cache add   spec: 'X.Y.Z',
18 silly cache add   type: 'tag' }
19 silly addNamed angular-route@X.Y.Z
20 verbose addNamed "X.Y.Z" is being treated as a dist-tag for angular-route
21 info addNameTag [ 'angular-route', 'X.Y.Z' ]
22 silly mapToRegistry name angular-route
23 silly mapToRegistry using default registry
24 silly mapToRegistry registry https://registry.npmjs.org/
25 silly mapToRegistry data Result {
25 silly mapToRegistry   raw: 'angular-route',
25 silly mapToRegistry   scope: null,
25 silly mapToRegistry   name: 'angular-route',
25 silly mapToRegistry   rawSpec: '',
25 silly mapToRegistry   spec: 'latest',
25 silly mapToRegistry   type: 'tag' }
26 silly mapToRegistry uri https://registry.npmjs.org/angular-route
27 verbose addNameTag registry:https://registry.npmjs.org/angular-route not in flight; fetching
28 verbose request uri https://registry.npmjs.org/angular-route
29 verbose request no auth needed
30 info attempt registry request try #1 at 4:19:31 PM
31 verbose request id 47108cb7032e36a3
32 verbose etag "5BJGCKPCEABJZVYJYF102LASE"
33 http request GET https://registry.npmjs.org/angular-route
34 http 304 https://registry.npmjs.org/angular-route
35 verbose headers { date: 'Thu, 29 Sep 2016 15:19:32 GMT',
35 verbose headers   via: '1.1 varnish',
35 verbose headers   'cache-control': 'max-age=300',
35 verbose headers   etag: '"5BJGCKPCEABJZVYJYF102LASE"',
35 verbose headers   age: '164',
35 verbose headers   connection: 'keep-alive',
35 verbose headers   'x-served-by': 'cache-lcy1120-LCY',
35 verbose headers   'x-cache': 'HIT',
35 verbose headers   'x-cache-hits': '1',
35 verbose headers   'x-timer': 'S1475162372.011030,VS0,VE0',
35 verbose headers   vary: 'Accept-Encoding' }
36 silly get cb [ 304,
36 silly get   { date: 'Thu, 29 Sep 2016 15:19:32 GMT',
36 silly get     via: '1.1 varnish',
36 silly get     'cache-control': 'max-age=300',
36 silly get     etag: '"5BJGCKPCEABJZVYJYF102LASE"',
36 silly get     age: '164',
36 silly get     connection: 'keep-alive',
36 silly get     'x-served-by': 'cache-lcy1120-LCY',
36 silly get     'x-cache': 'HIT',
36 silly get     'x-cache-hits': '1',
36 silly get     'x-timer': 'S1475162372.011030,VS0,VE0',
36 silly get     vary: 'Accept-Encoding' } ]
37 verbose etag https://registry.npmjs.org/angular-route from cache
38 verbose get saving angular-route to /Users/Rad/.npm/registry.npmjs.org/angular-route/.cache.json
39 verbose correctMkdir /Users/Rad/.npm correctMkdir not in flight; initializing
40 silly addNameTag next cb for angular-route with tag X.Y.Z
41 verbose stack Error: No compatible version found: angular-route@'X.Y.Z'
41 verbose stack Valid install targets:
41 verbose stack ["1.2.17-build.163.1","1.3.0-rc.5","1.3.0","1.3.1","1.3.2","1.3.3","1.3.4-build.3588","1.2.27","1.3.4","1.3.5","1.3.6","1.3.7","1.2.28","1.3.8","1.4.0-beta.0","1.3.9","1.3.10","1.4.0-beta.1","1.4.0-beta.2","1.3.11","1.4.0-beta.3","1.3.12","1.3.13","1.4.0-beta.4","1.3.14","1.4.0-beta.5","1.4.0-beta.6","1.3.15","1.4.0-rc.0","1.4.0-rc.1","1.4.0-rc.2","1.4.0","1.3.16","1.4.1","1.4.2","1.3.17","1.4.3","1.4.4","1.3.18","1.4.5","1.3.19","1.4.6","1.5.0-beta.0","1.2.29","1.3.20","1.4.7","1.5.0-beta.2","1.4.8","1.5.0-rc.0","1.5.0-rc.1","1.4.9","1.5.0-rc.2","1.5.0","1.5.1","1.4.10","1.5.2","1.5.3","1.5.5","1.4.11","1.5.6","1.4.12","1.5.7","1.2.30","1.5.8"]
41 verbose stack
41 verbose stack     at installTargetsError (/usr/local/lib/node_modules/npm/lib/cache/add-named.js:284:12)
41 verbose stack     at next (/usr/local/lib/node_modules/npm/lib/cache/add-named.js:94:10)
41 verbose stack     at RES (/usr/local/lib/node_modules/npm/node_modules/inflight/inflight.js:23:14)
41 verbose stack     at f (/usr/local/lib/node_modules/npm/node_modules/once/once.js:17:25)
41 verbose stack     at fixName (/usr/local/lib/node_modules/npm/lib/cache/add-named.js:29:5)
41 verbose stack     at saved (/usr/local/lib/node_modules/npm/lib/cache/caching-client.js:173:7)
41 verbose stack     at /usr/local/lib/node_modules/npm/node_modules/graceful-fs/polyfills.js:210:7
41 verbose stack     at FSReqWrap.oncomplete (fs.js:82:15)
42 verbose cwd /Users/Rad/Projects/Bitcoin-Dashboard
43 error Darwin 15.4.0
44 error argv "/usr/local/bin/node" "/usr/local/bin/npm" "install" "angular-route@X.Y.Z"
45 error node v4.5.0
46 error npm  v2.15.9
47 error code ETARGET
48 error notarget No compatible version found: angular-route@'X.Y.Z'
48 error notarget Valid install targets:
48 error notarget ["1.2.17-build.163.1","1.3.0-rc.5","1.3.0","1.3.1","1.3.2","1.3.3","1.3.4-build.3588","1.2.27","1.3.4","1.3.5","1.3.6","1.3.7","1.2.28","1.3.8","1.4.0-beta.0","1.3.9","1.3.10","1.4.0-beta.1","1.4.0-beta.2","1.3.11","1.4.0-beta.3","1.3.12","1.3.13","1.4.0-beta.4","1.3.14","1.4.0-beta.5","1.4.0-beta.6","1.3.15","1.4.0-rc.0","1.4.0-rc.1","1.4.0-rc.2","1.4.0","1.3.16","1.4.1","1.4.2","1.3.17","1.4.3","1.4.4","1.3.18","1.4.5","1.3.19","1.4.6","1.5.0-beta.0","1.2.29","1.3.20","1.4.7","1.5.0-beta.2","1.4.8","1.5.0-rc.0","1.5.0-rc.1","1.4.9","1.5.0-rc.2","1.5.0","1.5.1","1.4.10","1.5.2","1.5.3","1.5.5","1.4.11","1.5.6","1.4.12","1.5.7","1.2.30","1.5.8"]
48 error notarget
48 error notarget This is most likely not a problem with npm itself.
48 error notarget In most cases you or one of your dependencies are requesting
48 error notarget a package version that doesn't exist.
48 error notarget
48 error notarget It was specified as a dependency of 'bitcoin-dashboard'
49 verbose exit [ 1, true ]
